Case #1:
10000000000000000000000000000001 3 2 5 2 7 2 9 2 11
10000000000000000000000000000011 83 7 9 11 1909 3 569 173 21
10000000000000000000000000000101 7 43 3 31 43 3 73 91 3
10000000000000000000000000000111 5 2 25 2 7 2 27 2 11
10000000000000000000000000001001 11 31 3 67 1152846547 9 5 89 3
10000000000000000000000000001101 3 2 145 2 7 2 9 2 11
10000000000000000000000000001111 13 149 197123 7 5 11 859 479 1021
10000000000000000000000000010001 5 67 9 43 4423 3 6197 127 3
10000000000000000000000000010011 21 2 5 2 847 2 3 2 11
10000000000000000000000000010101 29 2 397 2 193 2 11 2 13513
10000000000000000000000000011001 9 2 25 2 7 2 27 2 7
10000000000000000000000000011101 31 11 341 11 5 947 5 11 41
10000000000000000000000000011111 3 2 15 2 7 2 9 2 33
10000000000000000000000000100001 7 13 21 31 41 17 13213 7 3
10000000000000000000000000100011 19 2 89 2 17 2 1180877 2 36473
10000000000000000000000000100101 3 2 5 2 7 2 225 2 18887
10000000000000000000000000101001 13 2 24989 2 19571 2 59 2 2662067
10000000000000000000000000101011 1107 163 19 3 5 151 3 149 1723
10000000000000000000000000101111 5 2 3 2 11 2 5 2 3
10000000000000000000000000110001 3 2 5 2 7 2 3 2 11
10000000000000000000000000110111 3 2 5 2 23 2 9 2 3
10000000000000000000000000111001 5 433 47 23 55 5 83 523 23
10000000000000000000000000111011 17 2 3 2 1297 2 17 2 3
10000000000000000000000000111101 3 2 15 2 7 2 3 2 21
10000000000000000000000001000011 5 2 17 2 8827 2 9 2 11
10000000000000000000000001000101 373 2 563 2 10691179 2 139 2 7
10000000000000000000000001000111 709 17 53 293 5 263 2663 137 67
10000000000000000000000001001001 3 2 7 2 79 2 3 2 11
10000000000000000000000001001011 7 7 11 223 5 103 113 7 7
10000000000000000000000001001111 9 2 5 2 7 2 9 2 3
10000000000000000000000001010011 181 29 7 7 5 11 65867307941 11 4559837
10000000000000000000000001010111 5 2 51 2 37 2 5 2 2121
10000000000000000000000001011001 7 5 43992547 29 25 104717 5 7 8221
10000000000000000000000001011011 3 2 75 2 119 2 9 2 3
10000000000000000000000001011101 13 2 9 2 3533 2 799 2 3
10000000000000000000000001100001 5 2 5 2 7 2 5 2 11
10000000000000000000000001100011 1933 11 1483423 127 5 1013 41 23 247
10000000000000000000000001100111 3 2 105 2 7 2 9 2 111
10000000000000000000000001101011 5 2 9 2 23 2 13 2 3
10000000000000000000000001101101 3 2 15 2 7 2 9 2 3
10000000000000000000000001101111 19 7 67 41 733 17 7 103 49
10000000000000000000000001110011 9 2 3 2 7 2 81 2 3
10000000000000000000000001110101 5 2 7 2 37 2 65 2 3
10000000000000000000000001110111 143 1093 1397 7 53 29 7 547 239
10000000000000000000000001111001 3 2 5 2 7 2 3 2 3
10000000000000000000000001111101 41 7013 167 17 2617 97 7 83 5887084391
10000000000000000000000001111111 1275 2 5 2 7 2 15 2 11
10000000000000000000000010000011 7 2 103 2 593 2 157 2 28031
10000000000000000000000010000101 237 2 5 2 7 2 3 2 11
10000000000000000000000010001001 29 2 2179 2 11 2 167 2 23
10000000000000000000000010001111 431 2 3 2 13 2 61 2 3
10000000000000000000000010010001 3 2 5 2 53 2 3 2 11
10000000000000000000000010010011 5 17 887 53 5 5 239 71 7
10000000000000000000000010010101 19 25 223 19 25 11 5 17 7417
10000000000000000000000010010111 3 2 3 2 77 2 27 2 33
10000000000000000000000010011001 31 11 11 13 5 37 31 11 41
10000000000000000000000010011011 23 2 3 2 521 2 138490739 2 3
10000000000000000000000010011101 3 2 25 2 49 2 9 2 1213
10000000000000000000000010100001 17 2 11 2 19 2 599 2 81015785899
10000000000000000000000010100011 3 1429 5261 9 5 41 3 541 17
10000000000000000000000010100111 5 2 3 2 20239 2 13 2 3
10000000000000000000000010101011 13 2 3 2 349 2 25237 2 21
10000000000000000000000010101101 7 2 3 2 43 2 73 2 3
10000000000000000000000010110001 25 23 607 269 5 67 41 43 19
10000000000000000000000010110011 191791 2 3 2 307 2 11 2 3
10000000000000000000000010110101 3 2 9 2 7 2 9 2 3
10000000000000000000000010110111 2207 7 7 83 67 241 7 187 7
10000000000000000000000010111001 61 2 3 2 28723 2 23 2 3
10000000000000000000000010111011 133 353 571 3 809 5 21 667 22060567
10000000000000000000000010111101 157 5 18143 8131644991 11 17 35 5838353 269
10000000000000000000000010111111 53 2 41 2 743025642547 2 75217 2 3947
10000000000000000000000011000001 3 2 5 2 7 2 9 2 47
10000000000000000000000011000011 493 337 7 4261 5 29 11 29 1751477323787
10000000000000000000000011000111 3 2 15 2 7 2 9 2 3
10000000000000000000000011001011 73 2 3 2 19 2 1789 2 43
10000000000000000000000011001101 3 2 135 2 7 2 15 2 3
10000000000000000000000011001111 5 11 199 2676022103 109 5 7 107 2549
10000000000000000000000011010011 3 2 45 2 47 2 9 2 3
10000000000000000000000011010101 191 2 3 2 173 2 37 2 3
10000000000000000000000011010111 7 11953 13 171207227 13 47 7 7 342253573
10000000000000000000000011011001 3 2 3 2 7 2 3 2 3
10000000000000000000000011011111 9 2 25 2 7 2 3 2 11
10000000000000000000000011100001 19 1433 149 17 25 7883 947 17 13
10000000000000000000000011100011 25 2 3 2 37 2 65 2 303
10000000000000000000000011100101 3 2 105 2 637 2 9 2 3
10000000000000000000000011101011 3 31 269 9 17 14813 3 5077 443
10000000000000000000000011101101 5 7 5861 23 5483 5 7 23 7
10000000000000000000000011110001 3 2 3 2 7 2 9 2 3
10000000000000000000000011110011 7 139 209 151 132667 13 7 7 13
10000000000000000000000011110111 5 2 5 2 703 2 45 2 11
10000000000000000000000011111011 11 2 7 2 13 2 1787 2 8101
10000000000000000000000011111101 3 2 19 2 7 2 9 2 11
10000000000000000000000011111111 28619 7 3 61 11 3 41 69627165436663 21
10000000000000000000000100000001 5 13 21 31 11 15 73 13 3
10000000000000000000000100000011 3 2 5 2 7 2 297 2 11
10000000000000000000000100000101 47 2 383 2 19 2 350429 2 103
10000000000000000000000100000111 17 27941 471267323 1133938703 5 3432135533 157 19 13
10000000000000000000000100001001 3 2 5 2 7 2 9 2 11
10000000000000000000000100001101 101 5 19 41 5 3819353 5 13313753 83
10000000000000000000000100001111 3 2 15 2 301 2 9 2 561
10000000000000000000000100010001 11 2 191 2 89 2 215 2 113
10000000000000000000000100010011 13 47 241 131 65 13 37 647 47
10000000000000000000000100010101 1395 11 803 33 5 5 3 11 41
10000000000000000000000100010111 2293 2 27 2 383 2 5749484340869 2 3
10000000000000000000000100011011 3 2 5 2 11 2 9 2 3
10000000000000000000000100011101 7 2 21 2 43 2 11 2 3
10000000000000000000000100011111 5 7 17273329 67 498313679 17 401 7759 7
10000000000000000000000100100001 3 2 5 2 7 2 9 2 11
10000000000000000000000100100011 79 7 113369981 89 5 1697 5 659 7
10000000000000000000000100100101 43 50797 67 19085800207 53 53 11 43 4956691
10000000000000000000000100100111 3 2 5 2 7 2 27 2 11
10000000000000000000000100101001 53 239 2711 131 5 65 199 113 359
10000000000000000000000100101011 7 2 7 2 43 2 73 2 3
10000000000000000000000100101101 3 2 15 2 7 2 9 2 3
10000000000000000000000100110011 15 2 9 2 287 2 9 2 3
10000000000000000000000100110101 439 2 3 2 11 2 491 2 3
10000000000000000000000100111001 3 2 273 2 217 2 45 2 3
10000000000000000000000100111101 11 105499 29 47 41 5 7 101 17
10000000000000000000000100111111 3 2 5 2 7 2 9 2 341
10000000000000000000000101000011 6379 211 13 149 11 54292741 359 17 43
10000000000000000000000101000111 2275 2 3 2 13 2 7085 2 3
10000000000000000000000101001001 103 5 17569 529 5 17 5 31 8230109
10000000000000000000000101001011 9 2 27 2 7 2 27 2 3
10000000000000000000000101010011 149017 2 3 2 29 2 8531281734953 2 3
10000000000000000000000101010101 7 2 3 2 17 2 73 2 3
10000000000000000000000101010111 3 44741 151 3 18022141 61559 3 23 31
10000000000000000000000101011101 9 167 197 3 6317873 41 3 293 5813
10000000000000000000000101100011 21 2 7 2 7 2 1233 2 33
10000000000000000000000101100101 5 2 3 2 37 2 5 2 21
10000000000000000000000101101001 3 2 15 2 11 2 3 2 2127
10000000000000000000000101101011 2377 7 157 17 13 313 7 10504561 23
10000000000000000000000101101111 9 2 5 2 7 2 195 2 11
10000000000000000000000101110001 203 2 21 2 43 2 29 2 3
10000000000000000000000101110101 3 19 43 9 89 13 3 167 239
10000000000000000000000101110111 199 2 967 2 11 2 1312584319 2 413
10000000000000000000000101111011 3 2 5 2 7 2 3 2 11
10000000000000000000000101111111 7 13 27 31 25241 9 43 143 3
10000000000000000000000110000001 9 2 25 2 119 2 9 2 17
10000000000000000000000110000011 5 41131 172849 353 5 5 7873 227 193
10000000000000000000000110000111 3 2 3 2 7 2 9 2 7
10000000000000000000000110001101 3 2 15 2 7 2 9 2 3
10000000000000000000000110010001 31 11 11 11 5 2801 13 121 271
10000000000000000000000110010011 3 2 3 2 7 2 5 2 3
10000000000000000000000110010101 143 2 9 2 79 2 23 2 3
10000000000000000000000110010111 5 41 7 89 19 5 7 53003 13
10000000000000000000000110011001 3 2 15 2 7 2 9 2 3
10000000000000000000000110011011 7 23 6043 7 1063 29 7 217 35157907826831
10000000000000000000000110011111 3 2 95 2 7 2 9 2 11
10000000000000000000000110100001 5 7 3173 1783 5 5 14879 29 7
10000000000000000000000110100011 67 2 9 2 13 2 59 2 3
10000000000000000000000110100101 27 2 3 2 7 2 27 2 363
10000000000000000000000110101001 7 2 3 2 43 2 73 2 3
10000000000000000000000110101111 299 2 7211 2 53 2 17183 2 13
10000000000000000000000110110001 3 2 9 2 7 2 9 2 3
10000000000000000000000110110111 63 2 5 2 7 2 9 2 11
10000000000000000000000110111001 283 83 97633 7099719413 4618069 10834973 7 19 1483
10000000000000000000000110111101 3 2 5 2 7 2 9 2 29
10000000000000000000000111000001 11 5 103 43 5 29 5 23 19
10000000000000000000000111000011 3 2 93 2 7 2 3 2 3
10000000000000000000000111000101 7 2 3 2 43 2 73 2 3
10000000000000000000000111000111 977 11 29 761 11 131 7 337 17
10000000000000000000000111001001 585 2 3 2 7 2 27 2 33
10000000000000000000000111001111 93 2 5 2 7 2 3 2 319
10000000000000000000000111010001 43 2 3 2 11 2 1064303831 2 21
10000000000000000000000111010011 35 19 13 61 41 5 7 7 2069
10000000000000000000000111010101 3 5 19 3 29 2515968509 105 16561 29
10000000000000000000000111011011 9 2 35 2 7 2 3 2 11
10000000000000000000000111011111 1051 5 3 17 3121 3 5 83 117
10000000000000000000000111100001 21 2 15 2 301 2 9 2 3
10000000000000000000000111100101 29 3551 13 11 17 21787 7 1823 19423
10000000000000000000000111100111 3 2 55 2 7 2 5 2 11
10000000000000000000000111101001 461 35 11 29 1817502473 34693 145 43 7
10000000000000000000000111101011 19 2 13 2 13163 2 23 2 7831
10000000000000000000000111101101 3 2 5 2 11 2 9 2 11
10000000000000000000000111101111 7 13 21 589 817 3 17 703 3
10000000000000000000000111110011 3 2 5 2 7 2 3 2 11
10000000000000000000000111110101 23987 2 4727 2 1979 2 113 2 7
10000000000000000000000111111001 3 2 5 2 7 2 9 2 11
10000000000000000000000111111101 91 65 9 31 43 9 5 13 9
10000000000000000000000111111111 9 2 5 2 35 2 9 2 11
10000000000000000000001000000011 11 2 409 2 191 2 1966628094427 2 2539
10000000000000000000001000000101 5 2 5 2 7 2 5 2 11
10000000000000000000001000001001 8849 2 7 2 19427 2 11 2 17
10000000000000000000001000001011 7 17 173 9 11 30043748821 3 49 43
10000000000000000000001000001101 31 11 11 781 311 17 1271 61 131
10000000000000000000001000001111 25 2 9 2 37 2 65 2 3
10000000000000000000001000010001 27 2 55 2 7 2 9063 2 1001
10000000000000000000001000010101 37 43891 23 281 5 26701 269 19 2185215679
10000000000000000000001000010111 51 2 3 2 49 2 3 2 3
10000000000000000000001000011011 6421 2 3 2 269 2 7333 2 3
10000000000000000000001000011101 3 2 9 2 7 2 9 2 11
10000000000000000000001000100011 5 31 1097 3 5 5 3 53 31
10000000000000000000001000100111 7 2 3 2 43 2 73 2 3
10000000000000000000001000101001 3 7 13 3 5 23 3 37 7
10000000000000000000001000101101 5 2 3 2 37 2 5 2 3
10000000000000000000001000101111 33 131 1009 9 13 1525192728623 3 76249 379
10000000000000000000001000110001 13 5 265662937 83 25 4127381 5 27944235563 3799807203954677
10000000000000000000001000110011 1949 2 3 2 197 2 229 2 3
10000000000000000000001000110101 21 2 3 2 7 2 1971 2 77
10000000000000000000001000110111 5 17 19 37 19 65 7 34273 128081543
10000000000000000000001000111001 391 2 9 2 557 2 17 2 3
10000000000000000000001000111011 3 115 13 7 31 43 5 11 7
10000000000000000000001001000001 3 2 35 2 7 2 15 2 11
10000000000000000000001001000011 7 7 227 809 5 89 43 7 49
10000000000000000000001001000111 3 2 5 2 7 2 9 2 11
10000000000000000000001001001011 13 2 723 2 1261 2 5 2 3
10000000000000000000001001001101 3 2 5 2 7 2 9 2 3
10000000000000000000001001010001 7 509 290137 2467 5 113 179 7 631
10000000000000000000001001010011 3 2 15 2 7 2 9 2 3
10000000000000000000001001010101 5 2 9 2 37 2 13 2 3
10000000000000000000001001010111 71 19 11927527 613 4249438069 17 1631 3931 103
10000000000000000000001001011001 9 2 13 2 7 2 57 2 4719
10000000000000000000001001011011 11 13 31 1546837 293 37 7 43 53
10000000000000000000001001011101 2641 17 7 103 13 8353 7 6569 31
10000000000000000000001001011111 15 2 85 2 7 2 45 2 209
10000000000000000000001001100101 3 2 5 2 7 2 3 2 3
10000000000000000000001001100111 23 5 37 97 869 1342181 5 37 7
10000000000000000000001001101001 5 2 3 2 37 2 5 2 3
10000000000000000000001001101011 3 161753 7 3 8707 107 3 457 29
10000000000000000000001001110001 3 2 5 2 7 2 3 2 29
10000000000000000000001001110011 25 1093 43 19 467 5 7 1093 239
10000000000000000000001001110111 3 2 5 2 7 2 3 2 11
10000000000000000000001001111011 7 2 3969403 2 3821 2 733 2 157
10000000000000000000001001111101 3 2 5 2 7 2 5 2 7
10000000000000000000001001111111 13 11 3 17 5261 3 120779 222991 9
10000000000000000000001010000001 73 2 22546721 2 149 2 41 2 149
10000000000000000000001010000011 3 1739 7 3 5 11551 3 530713 19
10000000000000000000001010000101 89 59 1861 7 25 31 29 37 1033
10000000000000000000001010000111 5 2 3 2 19 2 65 2 3
10000000000000000000001010001001 21 55 31 393 5 13 3 7 41
10000000000000000000001010001011 2579 2 3 2 15137 2 317 2 3
10000000000000000000001010001101 179 2 9 2 1103 2 11 2 3
10000000000000000000001010010101 3 2 3 2 91 2 3 2 11
10000000000000000000001010011001 13 2 3 2 251 2 765827 2 3
10000000000000000000001010011011 3 79 137350597 3 17 5 3 13 59
10000000000000000000001010011101 11 5 1019 173 22501 23 5 163 23
10000000000000000000001010011111 17 2 7 2 3389 2 1283 2 7
10000000000000000000001010100001 9 9643 73 3 5 307 3 5876116040177 29
10000000000000000000001010100011 57467 2 3 2 11 2 29 2 3
10000000000000000000001010100101 7 2 3 2 37 2 5 2 3
10000000000000000000001010100111 3 41 149 3 59 11 21 11 23
10000000000000000000001010101001 703 2 9 2 7537877329 2 601 2 3
10000000000000000000001010101111 5 2 67 2 37 2 13 2 101
10000000000000000000001010110011 1323 5 269 3 72047 23 35 7 181
10000000000000000000001010110101 1181 997 11 383 43049 17377 7 17 829
10000000000000000000001010110111 233 2 193 2 211 2 17 2 182443
10000000000000000000001010111001 15 7 13 21 31 5 3 73 91
10000000000000000000001010111011 41 2 7 2 3359 2 3769 2 6507757
10000000000000000000001011000011 115 2 39 2 37 2 65 2 3
10000000000000000000001011000101 9 2 15 2 7 2 9 2 3
10000000000000000000001011000111 31 263 2269 199 199 349 7 29 593
10000000000000000000001011001001 11 2 3 2 691 2 131 2 3
10000000000000000000001011010001 3 2 15 2 7 2 9 2 3
10000000000000000000001011010011 43 7 107 1097 103 4561 11 13 7
10000000000000000000001011010111 5 2 85 2 7 2 135 2 11
10000000000000000000001011011011 47 2 11 2 11 2 6101 2 47
10000000000000000000001011011101 21 2 5 2 7 2 3 2 11
10000000000000000000001011100001 5 2 17 2 1459 2 65 2 3
10000000000000000000001011100111 13 2 13 2 23 2 97 2 167
10000000000000000000001011101001 27 6173 7 3 19 17 21 1051682071351 1049
10000000000000000000001011101011 5 2 17 2 37 2 5 2 7
10000000000000000000001011101101 246469 2 9003233 2 13 2 916469 2 16547148641557
10000000000000000000001011101111 3 627559 3 3 211 3 3 337 3
10000000000000000000001011110011 37 2 7 2 59333 2 311 2 5273
10000000000000000000001011110101 3 2 5 2 7 2 117 2 11
10000000000000000000001011111001 7 2 1530791929 2 41 2 43 2 20897
10000000000000000000001011111011 9 11 3 3 2521 3 3 83 3
10000000000000000000001011111111 5 2 17 2 25 2 5 2 101
10000000000000000000001100000001 39 2 5 2 7 2 3 2 11
10000000000000000000001100000101 17 217 11 71 5 23 31 11 833
10000000000000000000001100000111 3 2 3 2 7 2 9 2 3
10000000000000000000001100001011 11 2 9 2 53 2 479 2 3
10000000000000000000001100001101 9 2 5 2 7 2 9 2 3
10000000000000000000001100010011 1095 2 3 2 7 2 3 2 3
10000000000000000000001100010101 7 2 21 2 43 2 3569 2 3
10000000000000000000001100011001 3 2 3 2 7 2 5 2 3
10000000000000000000001100011011 19 73 11 601 13 13 7 6481 313
10000000000000000000001100011101 5 224669 449 49 131927 5 7 103 709
10000000000000000000001100011111 9 2 5 2 7 2 3 2 11
10000000000000000000001100100001 11 5 37 14543 5 31 5 126037 151
10000000000000000000001100100011 7 2 3 2 43 2 73 2 3
10000000000000000000001100100101 3 2 5 2 49 2 9 2 57
10000000000000000000001100100111 5 5031833 61 7 38093477 5 7 191 32911
10000000000000000000001100101011 3 5 2027 27 109 11 25 19 1769777
10000000000000000000001100101111 373 2 883 2 41 2 787489 2 7
10000000000000000000001100110001 9 2 7 2 43 2 3 2 13
10000000000000000000001100110011 877 4945103 349 13 223 1213 7 11 79
10000000000000000000001100110111 3 2 5 2 7 2 9 2 11
10000000000000000000001100111001 47 139 151 11 1159 8623 7 265494228989159 109
10000000000000000000001100111011 5 2 47 2 11290501 2 29 2 1869737
10000000000000000000001100111101 3 2 5 2 7 2 1413 2 11
10000000000000000000001100111111 7 65 3 31 43 9 5 91 9
10000000000000000000001101000001 1577 229 347 17627 1025 311 7057 17 283
10000000000000000000001101000011 9 2 5 2 7 2 9 2 33
10000000000000000000001101000101 5 2 3 2 37 2 11 2 3
10000000000000000000001101000111 271 359 478139 17 6146159 245471 7 2803 13
10000000000000000000001101001001 3 2 5 2 119 2 9 2 3
10000000000000000000001101001111 39 2 5 2 97 2 65 2 11
10000000000000000000001101010001 30757 2 3 2 107 2 41 2 3
10000000000000000000001101010101 9 127 7901 3 433 31 3 587 2179
10000000000000000000001101010111 38903 2 11 2 493 2 389 2 179
10000000000000000000001101011001 5 82559759 7 1913 29 5 7 29 163
10000000000000000000001101011011 3 2 5 2 7 2 9 2 11
10000000000000000000001101011101 359 2 73 2 2394109 2 461 2 211730688480127
10000000000000000000001101011111 41 7 3 29 59 3 61 37 63
10000000000000000000001101100001 3 2 15 2 29 2 633 2 3
10000000000000000000001101100011 5 7 103 151 503 5 7 17 7
10000000000000000000001101100111 57 2 5 2 7 2 9 2 11
10000000000000000000001101101001 7 11 33827 149 89 67 7 7 273629
10000000000000000000001101101011 1717 2 1789 2 297617 2 31 2 177917
10000000000000000000001101101101 5 2 5 2 37 2 9 2 11
10000000000000000000001101110001 127 5 43 19531 13 29 5 11 239
10000000000000000000001101110011 3 2 5 2 7 2 3 2 619
10000000000000000000001101110101 4877 2 23 2 337 2 919 2 31
10000000000000000000001101110111 35 11 63 79 23 15 11 13 9
10000000000000000000001101111001 3 2 5 2 7 2 27 2 13
10000000000000000000001101111011 23 25 3 3463609 17 3 5 5695143491 9
10000000000000000000001101111111 3 2 5 2 35 2 3 2 11
10000000000000000000001110000001 5 11 31 77 5 5 31 121 41
10000000000000000000001110000011 13 2 141 2 17 2 97 2 3
10000000000000000000001110000101 3 2 105 2 7 2 3 2 33
10000000000000000000001110001011 45 62627 167 3 23 5 3 42835972873 116245674241
10000000000000000000001110001111 11 2 20981 2 4967 2 487 2 10957
10000000000000000000001110010001 3 2 5 2 7 2 3 2 3
10000000000000000000001110010111 3 2 61 2 7 2 9 2 11
10000000000000000000001110011011 79 2 7 2 397 2 5 2 7
10000000000000000000001110011101 9 2 5 2 7 2 3 2 11
10000000000000000000001110100001 7 2 21 2 43 2 11 2 3
10000000000000000000001110100011 3 5 2911 3 673 2819 15 1051 54449
10000000000000000000001110100111 25031 2 686485573 2 151 2 22225417 2 13
10000000000000000000001110101011 457 2 691 2 11 2 4463 2 1531
10000000000000000000001110101101 197 2 2729 2 47 2 53 2 7
10000000000000000000001110101111 7 247 63 93 43 27 3 7 3
10000000000000000000001110110101 87 2 5 2 7 2 9 2 11
10000000000000000000001110110111 13 5 3 7 601 3 25 4051 3
10000000000000000000001110111011 3 24247 3 3 81411731593 3 3 2203 9
10000000000000000000001110111101 5 13 63 713 43 19 73 91 9
10000000000000000000001110111111 31 2 649 2 23 2 31 2 7
10000000000000000000001111000001 27 2 9 2 7 2 9 2 11
10000000000000000000001111000111 5 2 5 2 7 2 15 2 11
10000000000000000000001111001011 7 2 1062343 2 1019 2 2729 2 13
10000000000000000000001111001101 3 2 5 2 7 2 3 2 11
10000000000000000000001111001111 68437 17 3 981493 41 249 19 3049 3
10000000000000000000001111010011 3 2 25 2 7 2 3 2 11
10000000000000000000001111010101 43 2 97 2 6067 2 503 2 251
10000000000000000000001111010111 23 21787 69 11 11 3 71 4008190550933 27
10000000000000000000001111011001 3 2 11195 2 7 2 3 2 187
10000000000000000000001111011011 5 101 9 7 251815147469 3 11 4549 9
10000000000000000000001111011101 75079 7 3 37 5515143173 3 5 21701 21
10000000000000000000001111011111 3 2 5 2 5 2 9 2 11
10000000000000000000001111100011 9941 2 13 2 79 2 11 2 23
10000000000000000000001111100101 45 2 5 2 7 2 9 2 11
10000000000000000000001111100111 7 13 3 31 43 3 73 7 9
10000000000000000000001111101001 97 2 19 2 137 2 4507567703 2 67
10000000000000000000001111101111 145 2 17 2 5 2 5 2 13
10000000000000000000001111110001 3 2 5 2 7 2 9 2 11
10000000000000000000001111110101 7 13 9 61 43 19 73 13 9
10000000000000000000001111110111 27 2 5 2 25 2 9 2 11
10000000000000000000001111111001 5 19 3 47 509 3 3319 1201 3
10000000000000000000001111111011 2543 2 317 2 5 2 43 2 31
10000000000000000000001111111101 3 2 775 2 385 2 3 2 41
10000000000000000000010000000001 71 59 3 17 191 3 1789 11 3
10000000000000000000010000000011 21 2 5 2 7 2 225 2 11
10000000000000000000010000000101 13 2 11 2 11 2 141425657 2 5978031439
10000000000000000000010000001001 3 2 65 2 7 2 3 2 11
10000000000000000000010000001111 3 2 3 2 7 2 99 2 33
10000000000000000000010000010101 17 7 13 21 5 43 3 73 119
10000000000000000000010000010111 5 2 51 2 19 2 5 2 3
10000000000000000000010000011011 3 2 15 2 31 2 3 2 273
10000000000000000000010000011101 149 2 3 2 13 2 3701 2 3
10000000000000000000010000011111 7 37 193073 197 11 23 7 7 1402627839439063
10000000000000000000010000100001 3 2 17 2 23 2 45 2 83
10000000000000000000010000100011 5869 359 11 23 5 18124666163 24918503 311 76221914995147
10000000000000000000010000100111 3 2 3 2 7 2 3 2 3
10000000000000000000010000101001 11 11 19 1579 5 41 211 11551 19
10000000000000000000010000101011 5 2 3 2 71 2 169 2 3
10000000000000000000010000101101 3 2 3 2 7 2 9 2 3
10000000000000000000010000110011 3 2 15 2 7 2 3 2 3
10000000000000000000010000110101 5 2 9 2 37 2 11 2 3
10000000000000000000010000110111 17 11 7 79 13 79 7 317 23
10000000000000000000010000111001 3 2 5 2 7 2 9 2 3
10000000000000000000010000111111 9 2 5 2 7 2 513 2 7
10000000000000000000010001000001 67 2 61 2 47413790603 2 26757673 2 14347
10000000000000000000010001000011 163 253 7 7 5 37 77569 269 17
10000000000000000000010001000111 509 2 3 2 11 2 307853701537 2 21
10000000000000000000010001001001 35 87517 3186451 97 5 5 1879 7 335753113
10000000000000000000010001001011 3 2 15 2 7 2 3 2 3
10000000000000000000010001001101 571 2 9 2 9397 2 379 2 3
10000000000000000000010001010001 9 71 7 3 55 257 3 4943 257
10000000000000000000010001010011 5 2 27 2 37 2 1417 2 3
10000000000000000000010001010101 41 2 3 2 1861 2 23 2 3
10000000000000000000010001010111 7 2220671 11 3 29 378389971 3 7 113
10000000000000000000010001011001 17 2 3 2 29 2 3077 2 3
10000000000000000000010001011101 3 7 13 21 31 5 399 73 7
10000000000000000000010001100001 23 7 11 1890300761 65 589349 347 43 49
10000000000000000000010001100011 3 2 3 2 7 2 3 2 159
10000000000000000000010001100101 7 2 3 2 43 2 73 2 3
10000000000000000000010001101001 3 2 45 2 7 2 711 2 3
10000000000000000000010001101111 3 2 5 2 7 2 9 2 11
10000000000000000000010001110001 19 2 3 2 37 2 5 2 51
10000000000000000000010001110011 7 17 71 17 139 11 7 7 7
10000000000000000000010001110101 3 11 578401 3 59 277 21 4093 59
10000000000000000000010001111011 15 2 2975 2 7 2 5 2 11
10000000000000000000010001111111 347 791387 3 613 79 3 13139299 25943 9
10000000000000000000010010000001 33 2 5 2 7 2 3 2 209
10000000000000000000010010000111 117 2 5 2 7 2 81 2 33
10000000000000000000010010001101 3 2 5 2 12719 2 45 2 33
10000000000000000000010010010011 3 2 3 2 7 2 9 2 33
10000000000000000000010010010111 209 17 47 26069784863 452737091 1381 11 11 173
10000000000000000000010010011001 75 2 9 2 7 2 11 2 3
10000000000000000000010010011011 89 5 227 17 677 17 5 317 61
10000000000000000000010010011111 3 2 23 2 7 2 3 2 11
10000000000000000000010010100001 13 378593 43609 11 5 10007 11 659 383
10000000000000000000010010100011 5 2 3 2 37 2 65 2 3
10000000000000000000010010100101 3 2 45 2 7 2 9 2 33
10000000000000000000010010101001 6673 2 3 2 11 2 29 2 3
10000000000000000000010010101101 55 167 3257 563 13 5 7 71 1399
10000000000000000000010010110001 3 2 3 2 7 2 9 2 237
10000000000000000000010010110101 907 1699 7 37 108988823 11 7 2142449 107
10000000000000000000010010110111 15 2 5 2 7 2 23 2 11
10000000000000000000010010111101 3 2 13 2 7 2 19 2 49
10000000000000000000010010111111 17 2543 3 5197 283 27 37 1627 3
10000000000000000000010011000001 5 31 7 161 5 5 345811 71 103
10000000000000000000010011000011 11 2 5 2 7 2 9 2 3
10000000000000000000010011001001 3 2 3 2 91 2 75 2 3
10000000000000000000010011001011 25 7 598393493 677 213541543 5 7 29 7
10000000000000000000010011001111 9 2 5 2 7 2 27 2 17
10000000000000000000010011010001 277 2 9 2 349 2 61 2 3
10000000000000000000010011010011 113 1249747 11 7 1139 168958150321 7 31 127
10000000000000000000010011010101 5 271 313 3 71 5 21 5899 665501
10000000000000000000010011011011 177 2 5 2 7 2 9 2 53
10000000000000000000010011011101 479 2 7 2 216304623163 2 5 2 191
10000000000000000000010011011111 5 233 3 4994369 269 3 3041 9347977486283 9
10000000000000000000010011100001 3 2 3 2 7 2 9 2 3
10000000000000000000010011100101 36899 5 89 7 590907929 479 1015 61 19
10000000000000000000010011100111 3 2 5 2 7 2 9 2 11
10000000000000000000010011101001 5 29 71 83 227233 5 7 11173 30747889
10000000000000000000010011101101 3 2 5 2 49 2 9 2 11
10000000000000000000010011101111 143 17 3 3313 17 3 5 1665479 189
10000000000000000000010011110001 7 11 19 46589 23 587371 7 7 7
10000000000000000000010011110011 15 2 5 2 7 2 135 2 11
10000000000000000000010011110101 31 2 983 2 13 2 18105307890563 2 4001
10000000000000000000010011111001 3 2 7 2 7 2 9 2 11
10000000000000000000010011111111 3 2 25 2 7 2 9 2 11
10000000000000000000010100000111 5 2 9 2 37 2 5 2 3
10000000000000000000010100001011 3 2 5 2 7 2 3 2 3
10000000000000000000010100001101 7 2 21 2 11 2 73 2 57
10000000000000000000010100001111 47 7 11 211 13 8387 7 149 7
10000000000000000000010100010001 3 7 13 21 5 71 3 73 13
10000000000000000000010100010111 3 313 7 3 41 11 3 1493 590929
10000000000000000000010100011001 23 2 3 2 323 2 43 2 3
10000000000000000000010100100011 3 2 45 2 7 2 33 2 33
10000000000000000000010100100101 17 2 51 2 37 2 5 2 3
10000000000000000000010100100111 251 47 31118953 167 1319 28933 7 29 57917
10000000000000000000010100101001 3 2 15 2 49 2 9 2 3
10000000000000000000010100101101 43 29 109 23 61 29 7 11 8390397898783
10000000000000000000010100101111 15 2 13175 2 161 2 45 2 11
10000000000000000000010100110001 11 2 3 2 13 2 31 2 3
10000000000000000000010100110101 3 7 13 21 31 43 57 139 91
10000000000000000000010100110111 7 2 21613 2 558449 2 97 2 269
10000000000000000000010100111011 3 2 5 2 11 2 3 2 91
10000000000000000000010100111101 13 2 11 2 5591 2 11 2 11257
10000000000000000000010101000001 3 131 67 3 5 11 3 5959 5441
10000000000000000000010101000011 5 2 3 2 37 2 5 2 3
10000000000000000000010101000101 7 2 3 2 43 2 73 2 3
10000000000000000000010101000111 3 967 157 3 17 71 3 1549 907
10000000000000000000010101001011 29 83 223 124343 27058103 47 7 65551 13187
10000000000000000000010101001101 3 1789 121 3 593 5 3 89 4759
10000000000000000000010101001111 103 2 19 2 11 2 1039 2 41
10000000000000000000010101010001 59 2 3 2 15401 2 11 2 3
10000000000000000000010101010011 21 919 73 3 92449859209 479967391 21 7 149
10000000000000000000010101010101 19 17 5 19 1033 59 7 5 9043
10000000000000000000010101010111 65 2 17 2 13 2 5 2 9901
10000000000000000000010101011001 3 49 13 7 11 43 3 73 13
10000000000000000000010101011011 73 2 7 2 29 2 31 2 17
10000000000000000000010101011101 11 2 355027 2 357161951 2 487 2 127
10000000000000000000010101100001 1225 2 51 2 43 2 5 2 3
10000000000000000000010101100011 239 29 53 7 11 23 17 11 163
10000000000000000000010101100111 353 2 5849 2 41 2 61 2 7
10000000000000000000010101101011 3 2 935 2 17 2 3 2 11
10000000000000000000010101101101 97 2 31 2 307 2 101 2 420573296707309
10000000000000000000010101101111 7 13 9 17 4687 3 73 13 3
10000000000000000000010101110001 351 4709417 23 3 119159 12781 21 37 2221
10000000000000000000010101110011 11 2 50128607 2 457 2 157 2 23
10000000000000000000010101110101 115 2 17 2 53 2 215 2 101
10000000000000000000010101110111 3 19 3 3 44257 3 3 31 9
10000000000000000000010101111001 14813 2 114156943 2 76463 2 233 2 83
10000000000000000000010101111011 19 18287 3 19 41 3 101 461 3
10000000000000000000010101111101 21 7 3 77 31 9 3 7 259
10000000000000000000010101111111 5 2 17 2 37 2 11 2 101
10000000000000000000010110000011 9 2 435 2 49 2 27 2 3
10000000000000000000010110000101 29 2 9 2 17 2 67 2 3
10000000000000000000010110001001 5 2 5 2 7 2 3 2 11
10000000000000000000010110001011 119 925 11 7 11 11 7 7 29
10000000000000000000010110001101 37 11 8741 29 149 13907 7 293 7
10000000000000000000010110001111 3 2 5 2 7 2 153 2 11
10000000000000000000010110010101 9 5 7 3 19 13 3 317 953
10000000000000000000010110011011 3 2 5 2 7 2 9 2 253
10000000000000000000010110100001 3 2 5 2 7 2 3 2 33
10000000000000000000010110100011 23 19 7 19 4099 73 7 263 7
