Case #1: CAB
Case #2: MJA
Case #3: OCDE
Case #4: BBAAA
Case #5: CCCABBBAB
Case #6: CCCBAABAB
Case #7: ZXCASDQWE
Case #8: CCCBBAAAABAABBA
Case #9: CBA
Case #10: CCCCCCCBBBBBABB
Case #11: ZABYCXDWEU
Case #12: CCCCCCCCABAAAAA
Case #13: OEDCBAGHIJKLFNM
Case #14: MMALKJGFEDABCHI
Case #15: CCCCCBBBBBAAAAA
Case #16: CBBBAAAAAAAAAA
Case #17: BAAA
Case #18: CAABBAAABBAABAB
Case #19: XVVTDMQQLJFKSSJ
Case #20: ZADBC
Case #21: DCBBAAAAAAAAA
Case #22: ZZXRDWTSFWVXNHP
Case #23: CCCCCAAAAABBBBA
Case #24: MMABDEFGIKALJHC
Case #25: CCCCCBBABBBAABA
Case #26: CCCCCCBAABABABA
Case #27: DDCCCCCBABBBBC
Case #28: CCCCCCCBABBBBBB
Case #29: ONDBMEHGFIJKLAC
Case #30: CBBBBAAAAAAAA
Case #31: ZAYBXCWDUE
Case #32: ONMJECAHIFLDBKG
Case #33: ONKCBEFGDIHLJMA
Case #34: CCCCCABBBBAABAA
Case #35: ZAAAA
Case #36: OMNBKJIHGFDECLA
Case #37: BA
Case #38: AA
Case #39: ZABCD
Case #40: MMIAFECBADGHJKL
Case #41: CCCCCBBBBBAAAAA
Case #42: CBA
Case #43: CCCCCABBBBBAAAA
Case #44: CCCCCBBBAAAAAAA
Case #45: CCCCCBBBBBAAAAA
Case #46: DCBAAAAAABABC
Case #47: BBA
Case #48: CBA
Case #49: CCCCCCCBBAAABAA
Case #50: CCCCCBABBBAABAA
Case #51: ONMLACDFKGBIHJE
Case #52: BBA
Case #53: BAA
Case #54: MMALGECABDFHIJK
Case #55: BAAA
Case #56: ZACBA
Case #57: CCCCCAAAAABBBBB
Case #58: OJNLEMIAKFGCDHB
Case #59: CCCCCBBBBBAAAAA
Case #60: BAAA
Case #61: CCCCBBAAAAAABBA
Case #62: CCBBBBBBAAABA
Case #63: YSFQPDJBTKQBJKS
Case #64: CCCCCBAABBAABBA
Case #65: AAA
Case #66: BAA
Case #67: ZDABC
Case #68: BAAA
Case #69: CCCCCBBBBBAAAAA
Case #70: MMABCEJKALIHGFD
Case #71: CCCCCBBBBBAAAAA
Case #72: CCCBBBAAAAAAA
Case #73: RRBAACADABA
Case #74: CCCCCAAAABBBBAB
Case #75: CBA
Case #76: Z
Case #77: BB
Case #78: ZDCBA
Case #79: DCCBBBBBAAAAA
Case #80: A
Case #81: DCCCBAAAAAAAB
Case #82: OMHEJAIDLFCNGBK
Case #83: OMBKDEACIGLJFNH
Case #84: CCCCCBAAAAAAABB
Case #85: BA
Case #86: YHSJGMPQMBWRNMW
Case #87: MMACDGIJLAKHFEB
Case #88: YPPMDDVXMKWLDML
Case #89: CCCCCBBBBAAAAAB
Case #90: BAA
Case #91: BBBBBAAAAAAAA
Case #92: CCCCBBBBBAAAB
Case #93: OMNGKJIHLFEDCBA
Case #94: BBA
Case #95: ZEDCBAYXWU
Case #96: CAB
Case #97: CCCCCAABAAAABBA
Case #98: BBB
Case #99: CCCCCCCBABABABB
Case #100: CCCCAABBABBBBAB
