Case #1: 3 4 6
Case #2: 41 54 55 82
Case #3: 29 30 31 32 33 34 35
Case #4: 3 8 12 13 14 15 26
Case #5: 1 2 3
Case #6: 6 8
Case #7: 4 5 6 7 9 11 13
Case #8: 16 18 20 25 26 29 32 34 37 40
Case #9: 3 6
Case #10: 1 2 4 5 6 8
Case #11: 6 8 11 12 13 15 18
Case #12: 9 19 29 39 49 59 69 79 89 99
Case #13: 2 4
Case #14: 15 16 17 19 22 24 25 27 29 30
Case #15: 5 7 9 10 12 14
Case #16: 3 4
Case #17: 2 22
Case #18: 3 4 5
Case #19: 2 6
Case #20: 1 2 3 4
Case #21: 17 22 23 27 30 33 36 37 38 47
Case #22: 3 5
Case #23: 9 12 14 18 24
Case #24: 4 5 6 7 8 9 10 11 12 13
Case #25: 8 9 13 14 17 19
Case #26: 11 13 14 19 22 25 29 35 37 41
Case #27: 9 12 14 18 21 28
Case #28: 22 222
Case #29: 6 8 12 15 17 20 22 24 27 30
Case #30: 15 18 19 22 24 26 28 30 33 35
Case #31: 16 17 19 22 29 32 35
Case #32: 4 8
Case #33: 2 3 4
Case #34: 20 28 31 35 37 44 47
Case #35: 4 6 9 11
Case #36: 51 68 74 99 125 127 131 173 193 212
Case #37: 5 7 9 10
Case #38: 16 18 22 25 28 33 34 35 37
Case #39: 3 5 6 11
Case #40: 6 7 8 9 10 11 12
Case #41: 5 8 10 12 14 15 17 19 20
Case #42: 6 8 9 11
Case #43: 2 10 11 12 13 14 15 16 17 49
Case #44: 45 48 91 116 133 150 155
Case #45: 11 14 17 20 22 23 25 26 28
Case #46: 4 5 6 7
Case #47: 2 4
Case #48: 3 5
Case #49: 7 9 12 14 16 18 22
Case #50: 11 13 18 21 24 26 29
