Case #1: 3 4 6
Case #2: 540 683 710 742 777 783 836 850 933 967 990 1005 1025 1037 1066 1087 1091 1112 1145 1174 1207 1231 1234 1307 1333 1358 1372 1386 1413 1449 1471 1487 1495 1513 1518 1520 1560 1561 1573 1612 1616 1673 1721 1737 1752 1763 1786 1811 1830 1841
Case #3: 3 5 10 13 15 18 21 22 24 25 27 29 32 35 38 39 40 43 44 46 48 50 52 54 56
Case #4: 2 22
Case #5: 59 62 67 68 69 76 84 88 91 94 99 108 117 118 122 128
Case #6: 2 3 4
Case #7: 4 8
Case #8: 6 8 9 11
Case #9: 42 46 50 52 55 64 68 74 75 78 86 89 96 97 100 104 105 114 119 120 125
Case #10: 31 41 42 52 54 58 60 63 66 68 72 73 75 82 84 90
Case #11: 5 8 10 15 16 21 22 26 28 30 32 34 37
Case #12: 21 22 23 24 25 26 27 28 29 30 31 32 33 34 35 36 37 38 39 40 41 42 43 44 45
Case #13: 277 293 338 371 378 423 458 463 490 516 571 585 610 631 650 681 689 706 729 737 749 763 783 810 828
Case #14: 2 10 11 12 13 14 15 16 17 49
Case #15: 6 7 8 9 10 11 12
Case #16: 8 9 11 12 14 18 20 21 24 26 27 28 30 32 33 35 38 40 41 42 44 45 47 49 51
Case #17: 6 8
Case #18: 2 6
Case #19: 15 18 19 22 24 26 28 30 33 35
Case #20: 30 31 32 33 34 35 36 37 38 39 40 41 42 43 44 45 46 47 48 49 50 51 52 53 54 55 56 57 58 59 60 61 62 63 64 65 66 67 68 69 70 71 72 73 74 75 76 77 78 79
Case #21: 6 54 101 147 192 236 237 238 239 240 241 242 243 244 245 246 247 248 249 250 251 252 253 254 255 256 257 258 259 260 261 262 263 264 265 266 267 268 269 270 271 272 273 274 275 276 277 278 279 1237
Case #22: 41 54 55 82
Case #23: 1 2 3 4
Case #24: 16 18 20 25 26 29 32 34 37 40
Case #25: 9 19 29 39 49 59 69 79 89 99
Case #26: 3 5 6 11
Case #27: 23 33 38 44 49 54 59 60 61 62 67 73 74 80 84 85 89 96 100 101 106 109
Case #28: 29 30 31 32 33 34 35
Case #29: 22 222
Case #30: 4 5 6 7 8 9 10 11 12 13
Case #31: 11 15 16 17 19 21 24 25 27 30 32 34 36 38 40 41 42 45 46 48 50
Case #32: 45 48 91 116 133 150 155
Case #33: 50 62 71 83 88 89 94 105 113 114 122 125 130 134 139 144 148 149 154 157 160 169 172
Case #34: 5 7 10 13 15 18 19 21 23 26 28 32 33 36 38 40 42 43 44 48 49 53 54 56 59
Case #35: 2001 2002 2003 2004 2005 2006 2007 2008 2009 2010 2011 2012 2013 2014 2015 2016 2017 2018 2019 2020 2021 2022 2023 2024 2025 2026 2027 2028 2029 2030 2031 2032 2033 2034 2035 2036 2037 2038 2039 2040 2041 2042 2043 2044 2045 2046 2047 2048 2049 2050
Case #36: 4 6 8 10 11 12 13 15 17 19 21
Case #37: 376 377 378 379 380 381 382 383 384 385 386 387 388 389 390 391 392 393 394 395 396 397 398 399 400
Case #38: 1 2 3
Case #39: 6 8 11 12 13 15 18
Case #40: 7 9 12 14 16 18 22
Case #41: 2 4
Case #42: 44 47 54 59 63 65 66 75 76 80 82 84 90 91 92 97 99 102 107 109 110 113
Case #43: 51 68 74 99 125 127 131 173 193 212
Case #44: 4 5 6 7
Case #45: 45 52 58 62 64 66 70 72 74 76 78 80 83 85 88 90 91 93 96 99 101 104 105 106 107 110 112 115 116 118 119 122 124 125 126 127 129 130 133 136 138 140 141 142 144 146 147 150 152 153
Case #46: 79 83 85 89 92 99 102 106 109 113 117 119 122 126 132 137 140 143 145 148 150 153 155 156 160 162 165 167 168 172 174 179 182 185 187 188 192 194 198 201 202 207 209 211 213 216 219 222 223 230
Case #47: 3 8 12 13 14 15 26
Case #48: 3 26 48 49 50 51 52 53 54 55 56 57 58 59 60 61 62 63 64 65 66 67 68 69 306
Case #49: 4 6 9 11
Case #50: 3 4 5
