Case #1: 1 0
Case #2: 1 0
Case #3: 1 1
Case #4: 0 0
Case #5: 500 499
Case #6: 0 0
Case #7: 0 0
Case #8: 1 1
Case #9: 1 0
Case #10: 1 1
Case #11: 0 0
Case #12: 250 249
Case #13: 1 0
Case #14: 1 1
Case #15: 125 124
Case #16: 1 0
Case #17: 0 0
Case #18: 0 0
Case #19: 1 0
Case #20: 1 1
Case #21: 0 0
Case #22: 0 0
Case #23: 0 0
Case #24: 0 0
Case #25: 1 0
Case #26: 0 0
Case #27: 2 1
Case #28: 0 0
Case #29: 0 0
Case #30: 0 0
Case #31: 2 2
Case #32: 0 0
Case #33: 0 0
Case #34: 0 0
Case #35: 0 0
Case #36: 3 2
Case #37: 0 0
Case #38: 0 0
Case #39: 1 0
Case #40: 1 1
Case #41: 1 0
Case #42: 0 0
Case #43: 250 249
Case #44: 1 1
Case #45: 0 0
Case #46: 0 0
Case #47: 0 0
Case #48: 3 3
Case #49: 0 0
Case #50: 1 0
Case #51: 1 0
Case #52: 0 0
Case #53: 1 0
Case #54: 0 0
Case #55: 0 0
Case #56: 3 3
Case #57: 1 0
Case #58: 0 0
Case #59: 1 1
Case #60: 0 0
Case #61: 1 1
Case #62: 3 3
Case #63: 0 0
Case #64: 1 0
Case #65: 1 0
Case #66: 1 0
Case #67: 3 2
Case #68: 0 0
Case #69: 1 0
Case #70: 1 1
Case #71: 249 249
Case #72: 0 0
Case #73: 0 0
Case #74: 499 499
Case #75: 0 0
Case #76: 0 0
Case #77: 0 0
Case #78: 7 6
Case #79: 0 0
Case #80: 0 0
Case #81: 0 0
Case #82: 1 0
Case #83: 0 0
Case #84: 0 0
Case #85: 0 0
Case #86: 0 0
Case #87: 1 0
Case #88: 0 0
Case #89: 0 0
Case #90: 3 3
Case #91: 0 0
Case #92: 0 0
Case #93: 0 0
Case #94: 3 2
Case #95: 0 0
Case #96: 0 0
Case #97: 0 0
Case #98: 7 6
Case #99: 1 1
Case #100: 3 2
