Case #1: 1 0
Case #2: 1 0
Case #3: 1 1
Case #4: 0 0
Case #5: 500 499
Case #6: 1 1
Case #7: 0 0
Case #8: 0 0
Case #9: 3905 3905
Case #10: 1 0
Case #11: 0 0
Case #12: 1 1
Case #13: 0 0
Case #14: 500000 499999
Case #15: 0 0
Case #16: 2 2
Case #17: 1 0
Case #18: 0 0
Case #19: 1 0
Case #20: 1 0
Case #21: 1 0
Case #22: 0 0
Case #23: 0 0
Case #24: 1 1
Case #25: 7812 7811
Case #26: 3906 3905
Case #27: 0 0
Case #28: 1 1
Case #29: 250000 249999
Case #30: 0 0
Case #31: 3 2
Case #32: 0 0
Case #33: 0 0
Case #34: 0 0
Case #35: 1 0
Case #36: 0 0
Case #37: 1 0
Case #38: 0 0
Case #39: 0 0
Case #40: 0 0
Case #41: 1 0
Case #42: 0 0
Case #43: 7812 7811
Case #44: 1 1
Case #45: 0 0
Case #46: 0 0
Case #47: 1 0
Case #48: 249999 249999
Case #49: 0 0
Case #50: 0 0
Case #51: 1 1
Case #52: 0 0
Case #53: 0 0
Case #54: 1 0
Case #55: 1 0
Case #56: 0 0
Case #57: 0 0
Case #58: 0 0
Case #59: 0 0
Case #60: 0 0
Case #61: 0 0
Case #62: 1 0
Case #63: 1 1
Case #64: 0 0
Case #65: 1 1
Case #66: 499999 499999
Case #67: 0 0
Case #68: 0 0
Case #69: 1 0
Case #70: 1 0
Case #71: 1 0
Case #72: 1 1
Case #73: 125000 124999
Case #74: 0 0
Case #75: 0 0
Case #76: 250000 249999
Case #77: 3 2
Case #78: 1 1
Case #79: 0 0
Case #80: 0 0
Case #81: 1 0
Case #82: 0 0
Case #83: 0 0
Case #84: 1 0
Case #85: 1 0
Case #86: 3 2
Case #87: 0 0
Case #88: 0 0
Case #89: 2 1
Case #90: 0 0
Case #91: 3906 3905
Case #92: 1 0
Case #93: 0 0
Case #94: 0 0
Case #95: 0 0
Case #96: 0 0
Case #97: 0 0
Case #98: 1953 1952
Case #99: 0 0
Case #100: 0 0
