Case #1: 19 20
Case #2: 023 023
Case #3: 0 0
Case #4: 05 00
Case #5: 5 5
Case #6: 100 099
Case #7: 90 09
Case #8: 840 840
Case #9: 330 330
Case #10: 05 05
Case #11: 702 702
Case #12: 09 09
Case #13: 087 056
Case #14: 05 05
Case #15: 069 100
Case #16: 070 070
Case #17: 00 00
Case #18: 909 990
Case #19: 500 399
Case #20: 10 05
Case #21: 468 468
Case #22: 720 720
Case #23: 720 698
Case #24: 090 049
Case #25: 701 704
Case #26: 397 400
Case #27: 091 091
Case #28: 988 993
Case #29: 099 100
Case #30: 049 090
Case #31: 092 093
Case #32: 059 090
Case #33: 307 302
Case #34: 099 909
Case #35: 002 002
Case #36: 404 407
Case #37: 010 009
Case #38: 99 90
Case #39: 009 050
Case #40: 079 110
Case #41: 043 046
Case #42: 059 071
Case #43: 99 99
Case #44: 95 99
Case #45: 199 199
Case #46: 000 000
Case #47: 200 200
Case #48: 00 00
Case #49: 319 363
Case #50: 610 610
Case #51: 800 699
Case #52: 900 900
Case #53: 397 760
Case #54: 599 601
Case #55: 984 962
Case #56: 008 008
Case #57: 10 09
Case #58: 907 999
Case #59: 768 768
Case #60: 95 95
Case #61: 080 049
Case #62: 730 727
Case #63: 120 089
Case #64: 839 906
Case #65: 993 988
Case #66: 00 00
Case #67: 88 93
Case #68: 990 909
Case #69: 00 05
Case #70: 052 054
Case #71: 05 09
Case #72: 070 059
Case #73: 716 716
Case #74: 99 99
Case #75: 803 803
Case #76: 050 019
Case #77: 039 070
Case #78: 90 90
Case #79: 199 490
Case #80: 032 032
Case #81: 90 90
Case #82: 409 450
Case #83: 533 523
Case #84: 009 030
Case #85: 060 060
Case #86: 064 060
Case #87: 686 700
Case #88: 160 160
Case #89: 070 029
Case #90: 9 9
Case #91: 5 5
Case #92: 0 0
Case #93: 100 100
Case #94: 99 95
Case #95: 988 992
Case #96: 99 99
Case #97: 019 060
Case #98: 029 060
Case #99: 90 90
Case #100: 620 620
Case #101: 00 00
Case #102: 09 09
Case #103: 019 050
Case #104: 093 098
Case #105: 500 500
Case #106: 023 035
Case #107: 009 040
Case #108: 060 029
Case #109: 110 079
Case #110: 497 497
Case #111: 089 120
Case #112: 038 037
Case #113: 040 009
Case #114: 028 028
Case #115: 09 09
Case #116: 99 99
Case #117: 90 90
Case #118: 159 161
Case #119: 308 310
Case #120: 110 065
Case #121: 000 000
Case #122: 102 098
Case #123: 721 679
Case #124: 93 88
Case #125: 700 399
Case #126: 099 605
Case #127: 080 080
Case #128: 050 009
Case #129: 000 000
Case #130: 700 700
Case #131: 00 00
Case #132: 238 240
Case #133: 049 080
Case #134: 09 09
Case #135: 029 070
Case #136: 039 080
Case #137: 09 99
Case #138: 027 026
Case #139: 090 059
Case #140: 720 720
Case #141: 99 99
Case #142: 00 00
Case #143: 128 099
Case #144: 99 99
Case #145: 504 099
Case #146: 960 960
Case #147: 080 039
Case #148: 082 077
Case #149: 807 810
Case #150: 070 039
Case #151: 905 950
Case #152: 09 90
Case #153: 909 910
Case #154: 169 300
Case #155: 279 502
Case #156: 010 010
Case #157: 05 10
Case #158: 407 407
Case #159: 106 106
Case #160: 95 95
Case #161: 130 099
Case #162: 104 106
Case #163: 09 10
Case #164: 997 997
Case #165: 685 579
Case #166: 026 026
Case #167: 039 084
Case #168: 906 906
Case #169: 148 119
Case #170: 910 909
Case #171: 05 05
Case #172: 143 143
Case #173: 476 490
Case #174: 200 200
Case #175: 90 99
Case #176: 992 988
Case #177: 05 05
Case #178: 99 99
Case #179: 099 130
Case #180: 397 401
Case #181: 09 05
Case #182: 098 093
Case #183: 810 810
Case #184: 099 900
Case #185: 9 9
Case #186: 060 019
Case #187: 497 500
Case #188: 095 095
Case #189: 009 050
Case #190: 0 0
Case #191: 719 725
Case #192: 225 228
Case #193: 99 09
Case #194: 589 994
Case #195: 00 00
Case #196: 015 053
Case #197: 100 069
Case #198: 99 99
Case #199: 099 100
Case #200: 790 436
